# JRE version: Java(TM) SE Runtime Environment (17.0.8+9) (build 17.0.8+9-LTS-211)
# Java VM: Java HotSpot(TM) 64-Bit Server VM (17.0.8+9-LTS-211, mixed mode, sharing, tiered, compressed oops, compressed class ptrs, g1 gc, windows-amd64)
GC Precious Log:
 CPUs: 20 total, 20 available
 Memory: 16075M
 Large Page Support: Disabled
 NUMA Support: Disabled
 Compressed Oops: Enabled (32-bit)
 Heap Region Size: 1M
 Heap Min Capacity: 256M
 Heap Initial Capacity: 256M
 Heap Max Capacity: 512M
 Pre-touch: Disabled
 Parallel Workers: 15
 Concurrent Workers: 4
 Concurrent Refinement Workers: 15
 Periodic GC: Disabled
Heap:
 garbage-first heap   total 262144K, used 132234K [0x00000000e0000000, 0x0000000100000000)
  region size 1024K, 110 young (112640K), 19 survivors (19456K)
 Metaspace       used 52067K, committed 52544K, reserved 393216K
  class space    used 7269K, committed 7488K, reserved 327680K
GC Heap History (12 events):
Event: 0.604 GC heap before
{Heap before GC invocations=0 (full 0):
 garbage-first heap   total 262144K, used 26624K [0x00000000e0000000, 0x0000000100000000)
  region size 1024K, 23 young (23552K), 0 survivors (0K)
 Metaspace       used 2950K, committed 3072K, reserved 393216K
  class space    used 370K, committed 448K, reserved 327680K
}
Event: 0.609 GC heap after
{Heap after GC invocations=1 (full 0):
 garbage-first heap   total 262144K, used 10872K [0x00000000e0000000, 0x0000000100000000)
  region size 1024K, 3 young (3072K), 3 survivors (3072K)
 Metaspace       used 2950K, committed 3072K, reserved 393216K
  class space    used 370K, committed 448K, reserved 327680K
}
Event: 1.408 GC heap before
{Heap before GC invocations=1 (full 0):
 garbage-first heap   total 262144K, used 38520K [0x00000000e0000000, 0x0000000100000000)
  region size 1024K, 30 young (30720K), 3 survivors (3072K)
 Metaspace       used 4104K, committed 4288K, reserved 393216K
  class space    used 497K, committed 576K, reserved 327680K
}
Event: 1.413 GC heap after
{Heap after GC invocations=2 (full 0):
 garbage-first heap   total 262144K, used 12103K [0x00000000e0000000, 0x0000000100000000)
  region size 1024K, 1 young (1024K), 1 survivors (1024K)
 Metaspace       used 4104K, committed 4288K, reserved 393216K
  class space    used 497K, committed 576K, reserved 327680K
}
Event: 3.747 GC heap before
{Heap before GC invocations=2 (full 0):
 garbage-first heap   total 262144K, used 113479K [0x00000000e0000000, 0x0000000100000000)
  region size 1024K, 100 young (102400K), 1 survivors (1024K)
 Metaspace       used 18873K, committed 19136K, reserved 393216K
  class space    used 2746K, committed 2880K, reserved 327680K
}
Event: 3.759 GC heap after
{Heap after GC invocations=3 (full 0):
 garbage-first heap   total 262144K, used 22666K [0x00000000e0000000, 0x0000000100000000)
  region size 1024K, 12 young (12288K), 12 survivors (12288K)
 Metaspace       used 18873K, committed 19136K, reserved 393216K
  class space    used 2746K, committed 2880K, reserved 327680K
}
Event: 4.088 GC heap before
{Heap before GC invocations=3 (full 0):
 garbage-first heap   total 262144K, used 40074K [0x00000000e0000000, 0x0000000100000000)
  region size 1024K, 30 young (30720K), 12 survivors (12288K)
 Metaspace       used 21220K, committed 21504K, reserved 393216K
  class space    used 3102K, committed 3264K, reserved 327680K
}
Event: 4.094 GC heap after
{Heap after GC invocations=4 (full 0):
 garbage-first heap   total 262144K, used 23573K [0x00000000e0000000, 0x0000000100000000)
  region size 1024K, 12 young (12288K), 12 survivors (12288K)
 Metaspace       used 21220K, committed 21504K, reserved 393216K
  class space    used 3102K, committed 3264K, reserved 327680K
}
Event: 5.724 GC heap before
{Heap before GC invocations=5 (full 0):
 garbage-first heap   total 262144K, used 141333K [0x00000000e0000000, 0x0000000100000000)
  region size 1024K, 124 young (126976K), 12 survivors (12288K)
 Metaspace       used 35591K, committed 35968K, reserved 393216K
  class space    used 4944K, committed 5120K, reserved 327680K
}
Event: 5.737 GC heap after
{Heap after GC invocations=6 (full 0):
 garbage-first heap   total 262144K, used 32584K [0x00000000e0000000, 0x0000000100000000)
  region size 1024K, 11 young (11264K), 11 survivors (11264K)
 Metaspace       used 35591K, committed 35968K, reserved 393216K
  class space    used 4944K, committed 5120K, reserved 327680K
}
Event: 8.095 GC heap before
{Heap before GC invocations=7 (full 0):
 garbage-first heap   total 262144K, used 179016K [0x00000000e0000000, 0x0000000100000000)
  region size 1024K, 153 young (156672K), 11 survivors (11264K)
 Metaspace       used 48081K, committed 48576K, reserved 393216K
  class space    used 6846K, committed 7104K, reserved 327680K
}
Event: 8.114 GC heap after
{Heap after GC invocations=8 (full 0):
 garbage-first heap   total 262144K, used 41098K [0x00000000e0000000, 0x0000000100000000)
  region size 1024K, 19 young (19456K), 19 survivors (19456K)
 Metaspace       used 48081K, committed 48576K, reserved 393216K
  class space    used 6846K, committed 7104K, reserved 327680K
}

